<?xml version="1.0" encoding="UTF-8"?>
<!-- Generated by org.testng.reporters.JUnitReportReporter -->
<testsuite skipped="0" hostname="Mahadev" name="firsttestngpackage.AssignmentLoad" tests="3" failures="0" timestamp="21 Jun 2018 01:16:35 GMT" time="9.970" errors="0">
  <testcase name="invokebrowser" time="9.458" classname="firsttestngpackage.AssignmentLoad"/>
  <testcase name="invkten" time="0.016" classname="firsttestngpackage.AssignmentLoad"/>
  <testcase name="quitbrowser" time="0.496" classname="firsttestngpackage.AssignmentLoad"/>
</testsuite> <!-- firsttestngpackage.AssignmentLoad -->
