<?xml version="1.0" encoding="UTF-8"?>
<!-- Generated by org.testng.reporters.JUnitReportReporter -->
<testsuite hostname="Mahadev" failures="0" tests="5" name="firsttestngpackage.TestNGGrouping" time="0.015" errors="0" timestamp="27 Mar 2018 21:41:22 GMT" skipped="0">
  <testcase classname="firsttestngpackage.TestNGGrouping" name="f3" time="0.002"/>
  <testcase classname="firsttestngpackage.TestNGGrouping" name="f1" time="0.009"/>
  <testcase classname="firsttestngpackage.TestNGGrouping" name="f5" time="0.001"/>
  <testcase classname="firsttestngpackage.TestNGGrouping" name="f2" time="0.002"/>
  <testcase classname="firsttestngpackage.TestNGGrouping" name="f6" time="0.001"/>
</testsuite> <!-- firsttestngpackage.TestNGGrouping -->
