<?xml version="1.0" encoding="UTF-8"?>
<!-- Generated by org.testng.reporters.JUnitReportReporter -->
<testsuite hostname="Mahadev" failures="0" tests="2" name="firsttestngpackage.TestNGdependency" time="12.653" errors="0" timestamp="10 Jan 2018 19:20:49 GMT" skipped="0">
  <testcase classname="firsttestngpackage.TestNGdependency" name="logintofacebook" time="7.020"/>
  <testcase classname="firsttestngpackage.TestNGdependency" name="openbrowser" time="5.633"/>
</testsuite> <!-- firsttestngpackage.TestNGdependency -->
