<?xml version="1.0" encoding="UTF-8"?>
<!-- Generated by org.testng.reporters.JUnitReportReporter -->
<testsuite hostname="Mahadev" failures="0" tests="1" name="firsttestngpackage.EbayTest" time="1.693" errors="0" timestamp="27 Mar 2018 21:31:28 GMT" skipped="0">
  <testcase classname="firsttestngpackage.EbayTest" name="openurl" time="1.693"/>
</testsuite> <!-- firsttestngpackage.EbayTest -->
