<?xml version="1.0" encoding="UTF-8"?>
<!-- Generated by org.testng.reporters.JUnitReportReporter -->
<testsuite hostname="Mahadev" failures="0" tests="2" name="firsttestngpackage.TestngGroupingEbay" time="8.340" errors="0" timestamp="08 Feb 2018 19:29:04 GMT" skipped="0">
  <testcase classname="firsttestngpackage.TestngGroupingEbay" name="searchitem" time="0.413"/>
  <testcase classname="firsttestngpackage.TestngGroupingEbay" name="gotoEbay" time="7.927"/>
</testsuite> <!-- firsttestngpackage.TestngGroupingEbay -->
