<?xml version="1.0" encoding="UTF-8"?>
<!-- Generated by org.testng.reporters.JUnitReportReporter -->
<testsuite hostname="Mahadev" failures="0" tests="1" name="firsttestngpackage.ParameterXml" time="7.722" errors="0" timestamp="28 Mar 2018 18:26:33 GMT" skipped="0">
  <testcase classname="firsttestngpackage.ParameterXml" name="longintoFacebook" time="7.722"/>
</testsuite> <!-- firsttestngpackage.ParameterXml -->
