<?xml version="1.0" encoding="UTF-8"?>
<!-- Generated by org.testng.reporters.JUnitReportReporter -->
<testsuite hostname="Mahadev" failures="0" tests="2" name="firsttestngpackage.TestngGroupingAz" time="10.685" errors="0" timestamp="08 Feb 2018 19:29:04 GMT" skipped="0">
  <testcase classname="firsttestngpackage.TestngGroupingAz" name="logintoAmazon" time="10.137"/>
  <testcase classname="firsttestngpackage.TestngGroupingAz" name="serchitem" time="0.548"/>
</testsuite> <!-- firsttestngpackage.TestngGroupingAz -->
