<?xml version="1.0" encoding="UTF-8"?>
<!-- Generated by org.testng.reporters.JUnitReportReporter -->
<testsuite skipped="0" hostname="Mahadev" name="firsttestngpackage.FirstTestNGFile" tests="2" failures="0" timestamp="12 Jun 2018 01:58:34 GMT" time="14.687" errors="0">
  <testcase name="verifyHomepageTitle" time="8.140" classname="firsttestngpackage.FirstTestNGFile"/>
  <testcase name="verifytitle" time="6.547" classname="firsttestngpackage.FirstTestNGFile"/>
</testsuite> <!-- firsttestngpackage.FirstTestNGFile -->
