<?xml version="1.0" encoding="UTF-8"?>
<!-- Generated by org.testng.reporters.JUnitReportReporter -->
<testsuite hostname="Mahadev" failures="0" tests="1" name="firsttestngpackage.AssignmentSkip" time="9.250" errors="0" timestamp="27 Mar 2018 23:56:56 GMT" skipped="1">
  <testcase classname="firsttestngpackage.AssignmentSkip" name="invokebrowser" time="9.250">
    <skipped/>
  </testcase> <!-- invokebrowser -->
</testsuite> <!-- firsttestngpackage.AssignmentSkip -->
