<?xml version="1.0" encoding="UTF-8"?>
<!-- Generated by org.testng.reporters.JUnitReportReporter -->
<testsuite hostname="Mahadev" failures="0" tests="1" name="firsttestngpackage.CaptureFailedTestcase" time="8.932" errors="0" timestamp="27 Mar 2018 23:30:43 GMT" skipped="0">
  <testcase classname="firsttestngpackage.CaptureFailedTestcase" name="loginyahoomail" time="8.932"/>
</testsuite> <!-- firsttestngpackage.CaptureFailedTestcase -->
