<?xml version="1.0" encoding="UTF-8"?>
<!-- Generated by org.testng.reporters.JUnitReportReporter -->
<testsuite hostname="Mahadev" failures="0" tests="1" name="firsttestngpackage.CaptureScrShot" time="14.203" errors="0" timestamp="27 Mar 2018 21:36:38 GMT" skipped="0">
  <testcase classname="firsttestngpackage.CaptureScrShot" name="captureScreenShot" time="14.203"/>
</testsuite> <!-- firsttestngpackage.CaptureScrShot -->
