<?xml version="1.0" encoding="UTF-8"?>
<!-- Generated by org.testng.reporters.JUnitReportReporter -->
<testsuite hostname="Mahadev" failures="0" tests="12" name="firsttestngpackage.AssignmentLoad" time="8.349" errors="0" timestamp="27 Mar 2018 21:37:51 GMT" skipped="0">
  <testcase classname="firsttestngpackage.AssignmentLoad" name="invokebrowser" time="6.202"/>
  <testcase classname="firsttestngpackage.AssignmentLoad" name="invkten" time="0.005"/>
  <testcase classname="firsttestngpackage.AssignmentLoad" name="invkten" time="0.011"/>
  <testcase classname="firsttestngpackage.AssignmentLoad" name="invkten" time="0.005"/>
  <testcase classname="firsttestngpackage.AssignmentLoad" name="invkten" time="0.001"/>
  <testcase classname="firsttestngpackage.AssignmentLoad" name="invkten" time="0.004"/>
  <testcase classname="firsttestngpackage.AssignmentLoad" name="invkten" time="0.004"/>
  <testcase classname="firsttestngpackage.AssignmentLoad" name="invkten" time="0.004"/>
  <testcase classname="firsttestngpackage.AssignmentLoad" name="invkten" time="0.021"/>
  <testcase classname="firsttestngpackage.AssignmentLoad" name="invkten" time="0.002"/>
  <testcase classname="firsttestngpackage.AssignmentLoad" name="invkten" time="0.013"/>
  <testcase classname="firsttestngpackage.AssignmentLoad" name="quitbrowser" time="2.077"/>
</testsuite> <!-- firsttestngpackage.AssignmentLoad -->
