<?xml version="1.0" encoding="UTF-8"?>
<!-- Generated by org.testng.reporters.JUnitReportReporter -->
<testsuite hostname="Mahadev" failures="0" tests="1" name="firsttestngpackage.ExceptiomTimeoutTest" time="0.009" errors="0" timestamp="10 Jan 2018 20:42:07 GMT" skipped="0">
  <testcase classname="firsttestngpackage.ExceptiomTimeoutTest" name="exctest" time="0.009"/>
</testsuite> <!-- firsttestngpackage.ExceptiomTimeoutTest -->
