<?xml version="1.0" encoding="UTF-8"?>
<!-- Generated by org.testng.reporters.JUnitReportReporter -->
<testsuite hostname="Mahadev" failures="0" tests="10" name="firsttestngpackage.InvocationCountTest" time="0.022" errors="0" timestamp="10 Jan 2018 20:00:31 GMT" skipped="0">
  <testcase classname="firsttestngpackage.InvocationCountTest" name="add" time="0.002"/>
  <testcase classname="firsttestngpackage.InvocationCountTest" name="add" time="0.002"/>
  <testcase classname="firsttestngpackage.InvocationCountTest" name="add" time="0.001"/>
  <testcase classname="firsttestngpackage.InvocationCountTest" name="add" time="0.002"/>
  <testcase classname="firsttestngpackage.InvocationCountTest" name="add" time="0.001"/>
  <testcase classname="firsttestngpackage.InvocationCountTest" name="add" time="0.001"/>
  <testcase classname="firsttestngpackage.InvocationCountTest" name="add" time="0.001"/>
  <testcase classname="firsttestngpackage.InvocationCountTest" name="add" time="0.009"/>
  <testcase classname="firsttestngpackage.InvocationCountTest" name="add" time="0.001"/>
  <testcase classname="firsttestngpackage.InvocationCountTest" name="add" time="0.002"/>
</testsuite> <!-- firsttestngpackage.InvocationCountTest -->
