<?xml version="1.0" encoding="UTF-8"?>
<!-- Generated by org.testng.reporters.JUnitReportReporter -->
<testsuite hostname="Mahadev" failures="0" tests="1" name="firsttestngpackage.Facebooklogin1" time="1.856" errors="0" timestamp="28 Mar 2018 18:24:30 GMT" skipped="0">
  <testcase classname="firsttestngpackage.Facebooklogin1" name="loginfacebook" time="1.856"/>
</testsuite> <!-- firsttestngpackage.Facebooklogin1 -->
