<?xml version="1.0" encoding="UTF-8"?>
<!-- Generated by org.testng.reporters.JUnitReportReporter -->
<testsuite hostname="Mahadev" failures="0" tests="1" name="firsttestngpackage.DataproviderUsingExel" time="0.000" errors="0" timestamp="27 Feb 2018 20:51:45 GMT" skipped="1">
  <testcase classname="firsttestngpackage.DataproviderUsingExel" name="testlogin" time="0.000">
    <skipped/>
  </testcase> <!-- testlogin -->
</testsuite> <!-- firsttestngpackage.DataproviderUsingExel -->
