<?xml version="1.0" encoding="UTF-8"?>
<!-- Generated by org.testng.reporters.JUnitReportReporter -->
<testsuite hostname="Mahadev" failures="0" tests="1" name="firsttestngpackage.AmazonTestNGTest" time="1.021" errors="0" timestamp="14 Feb 2018 19:49:49 GMT" skipped="0">
  <testcase classname="firsttestngpackage.AmazonTestNGTest" name="cliconlink" time="1.021"/>
</testsuite> <!-- firsttestngpackage.AmazonTestNGTest -->
