<?xml version="1.0" encoding="UTF-8"?>
<!-- Generated by org.testng.reporters.JUnitReportReporter -->
<testsuite skipped="0" hostname="Mahadev" name="firsttestngpackage.TestNGGrouping" tests="5" failures="0" timestamp="12 Jun 2018 01:58:34 GMT" time="0.070" errors="0">
  <testcase name="f6" time="0.007" classname="firsttestngpackage.TestNGGrouping"/>
  <testcase name="f1" time="0.031" classname="firsttestngpackage.TestNGGrouping"/>
  <testcase name="f2" time="0.017" classname="firsttestngpackage.TestNGGrouping"/>
  <testcase name="f5" time="0.006" classname="firsttestngpackage.TestNGGrouping"/>
  <testcase name="f3" time="0.009" classname="firsttestngpackage.TestNGGrouping"/>
</testsuite> <!-- firsttestngpackage.TestNGGrouping -->
