<?xml version="1.0" encoding="UTF-8"?>
<!-- Generated by org.testng.reporters.JUnitReportReporter -->
<testsuite hostname="Mahadev" failures="0" tests="1" name="firsttestngpackage.TakeScreenshot" time="10.118" errors="0" timestamp="27 Mar 2018 23:29:50 GMT" skipped="0">
  <testcase classname="firsttestngpackage.TakeScreenshot" name="screenshot1" time="10.118"/>
</testsuite> <!-- firsttestngpackage.TakeScreenshot -->
