<?xml version="1.0" encoding="UTF-8"?>
<!-- Generated by org.testng.reporters.JUnitReportReporter -->
<testsuite hostname="Mahadev" failures="0" tests="1" name="firsttestngpackage.NewTest" time="8.160" errors="0" timestamp="28 Mar 2018 00:16:05 GMT" skipped="0">
  <testcase classname="firsttestngpackage.NewTest" name="setup" time="8.160"/>
</testsuite> <!-- firsttestngpackage.NewTest -->
