<?xml version="1.0" encoding="UTF-8"?>
<!-- Generated by org.testng.reporters.JUnitReportReporter -->
<testsuite skipped="1" hostname="Mahadev" name="firsttestngpackage.AssignmentSkip" tests="1" failures="0" timestamp="21 Jun 2018 01:18:11 GMT" time="17.726" errors="0">
  <testcase name="invokebrowser" time="17.726" classname="firsttestngpackage.AssignmentSkip">
    <skipped/>
  </testcase> <!-- invokebrowser -->
</testsuite> <!-- firsttestngpackage.AssignmentSkip -->
