<?xml version="1.0" encoding="UTF-8"?>
<!-- Generated by org.testng.reporters.JUnitReportReporter -->
<testsuite hostname="Mahadev" failures="0" tests="2" name="firsttestngpackage.FirstTestNGFile" time="11.146" errors="0" timestamp="27 Mar 2018 23:32:08 GMT" skipped="0">
  <testcase classname="firsttestngpackage.FirstTestNGFile" name="verifyHomepageTitle" time="9.659"/>
  <testcase classname="firsttestngpackage.FirstTestNGFile" name="verifytitle" time="1.487"/>
</testsuite> <!-- firsttestngpackage.FirstTestNGFile -->
