<?xml version="1.0" encoding="UTF-8"?>
<!-- Generated by org.testng.reporters.JUnitReportReporter -->
<testsuite hostname="Mahadev" failures="0" tests="6" name="firsttestngpackage.TestNGAttributes" time="0.018" errors="0" timestamp="27 Mar 2018 19:13:20 GMT" skipped="1">
  <testcase classname="firsttestngpackage.TestNGAttributes" name="e" time="0.001"/>
  <testcase classname="firsttestngpackage.TestNGAttributes" name="d" time="0.013"/>
  <testcase classname="firsttestngpackage.TestNGAttributes" name="m" time="0.001"/>
  <testcase classname="firsttestngpackage.TestNGAttributes" name="h" time="0.002"/>
  <testcase classname="firsttestngpackage.TestNGAttributes" name="o" time="0.001"/>
  <testcase classname="firsttestngpackage.TestNGAttributes" name="f">
    <skipped/>
  </testcase> <!-- f -->
</testsuite> <!-- firsttestngpackage.TestNGAttributes -->
